<?xml version="1.0" encoding="UTF-8"?>
<!-- Generated by org.testng.reporters.JUnitReportReporter -->
<testsuite hostname="DESKTOP-52D0HCV" failures="0" tests="1" name="testClasses.ShoppingAutomation" time="82.784" errors="0" timestamp="2023-06-16T20:39:06 IST" skipped="0">
  <testcase classname="testClasses.ShoppingAutomation" name="testCartOrderValue" time="82.784"/>
  <system-out/>
</testsuite> <!-- testClasses.ShoppingAutomation -->
