<?xml version="1.0" encoding="UTF-8"?>
<!-- Generated by org.testng.reporters.JUnitReportReporter -->
<testsuite hostname="DESKTOP-52D0HCV" failures="0" tests="1" name="testClasses.TestForValues" time="0.014" errors="0" timestamp="2023-06-02T16:22:59 IST" skipped="0">
  <testcase classname="testClasses.TestForValues" name="asie" time="0.014"/>
  <system-out/>
</testsuite> <!-- testClasses.TestForValues -->
