<?xml version="1.0" encoding="UTF-8"?>
<!-- Generated by org.testng.reporters.JUnitReportReporter -->
<testsuite hostname="DESKTOP-52D0HCV" failures="0" tests="1" name="testClasses.ShoppingAutomation" time="106.821" errors="0" timestamp="2023-06-17T18:58:36 IST" skipped="0">
  <testcase classname="testClasses.ShoppingAutomation" name="testCartOrderValue" time="106.821"/>
  <system-out/>
</testsuite> <!-- testClasses.ShoppingAutomation -->
